<?xml version="1.0" encoding="utf-8"?><testsuites name="pytest tests"><testsuite name="pytest" errors="0" failures="0" skipped="0" tests="29" time="4.247" timestamp="2026-04-24T10:59:20.841279+00:00" hostname="agent-env-5c4364bc-dff3-4044-a55f-6c9861a3125e"><testcase classname="backend.tests.test_iteration2_new_endpoints.TestSoftwareCatalog" name="test_catalog_returns_39_items" time="0.152" /><testcase classname="backend.tests.test_iteration2_new_endpoints.TestSoftwareCatalog" name="test_catalog_has_expected_categories" time="0.052" /><testcase classname="backend.tests.test_iteration2_new_endpoints.TestSoftwareCatalog" name="test_catalog_filter_ai_assistants" time="0.053" /><testcase classname="backend.tests.test_iteration2_new_endpoints.TestSoftwareCatalog" name="test_catalog_filter_accounting" time="0.050" /><testcase classname="backend.tests.test_iteration2_new_endpoints.TestSoftwareCatalog" name="test_catalog_filter_unknown_returns_empty" time="0.049" /><testcase classname="backend.tests.test_iteration2_new_endpoints.TestSoftwareCatalog" name="test_catalog_public_no_auth_needed" time="0.056" /><testcase classname="backend.tests.test_iteration2_new_endpoints.TestSoftwareRequests" name="test_unauth_create_401" time="0.107" /><testcase classname="backend.tests.test_iteration2_new_endpoints.TestSoftwareRequests" name="test_technician_create_403" time="0.398" /><testcase classname="backend.tests.test_iteration2_new_endpoints.TestSoftwareRequests" name="test_admin_create_403" time="0.370" /><testcase classname="backend.tests.test_iteration2_new_endpoints.TestSoftwareRequests" name="test_customer_create_with_missing_software_404" time="0.319" /><testcase classname="backend.tests.test_iteration2_new_endpoints.TestSoftwareRequests" name="test_customer_create_success_and_enrichment" time="0.152" /><testcase classname="backend.tests.test_iteration2_new_endpoints.TestSoftwareRequests" name="test_customer_list_only_own" time="0.380" /><testcase classname="backend.tests.test_iteration2_new_endpoints.TestSoftwareRequests" name="test_admin_sees_all_requests" time="0.050" /><testcase classname="backend.tests.test_iteration2_new_endpoints.TestSoftwareRequests" name="test_technician_sees_assigned_customers_requests" time="0.048" /><testcase classname="backend.tests.test_iteration2_new_endpoints.TestSoftwareRequests" name="test_customer_patch_forbidden" time="0.102" /><testcase classname="backend.tests.test_iteration2_new_endpoints.TestSoftwareRequests" name="test_admin_patch_updates_status_and_notes" time="0.206" /><testcase classname="backend.tests.test_iteration2_new_endpoints.TestSoftwareRequests" name="test_admin_patch_nonexistent_404" time="0.052" /><testcase classname="backend.tests.test_iteration2_new_endpoints.TestDevices" name="test_unauth_401" time="0.107" /><testcase classname="backend.tests.test_iteration2_new_endpoints.TestDevices" name="test_technician_create_403" time="0.053" /><testcase classname="backend.tests.test_iteration2_new_endpoints.TestDevices" name="test_admin_create_403" time="0.056" /><testcase classname="backend.tests.test_iteration2_new_endpoints.TestDevices" name="test_sandy_has_seeded_devices" time="0.047" /><testcase classname="backend.tests.test_iteration2_new_endpoints.TestDevices" name="test_customer_create_device_and_persist" time="0.303" /><testcase classname="backend.tests.test_iteration2_new_endpoints.TestDevices" name="test_customer_cannot_update_other_customers_device" time="0.206" /><testcase classname="backend.tests.test_iteration2_new_endpoints.TestDevices" name="test_update_nonexistent_device_404" time="0.058" /><testcase classname="backend.tests.test_iteration2_new_endpoints.TestDevices" name="test_delete_nonexistent_device_404" time="0.047" /><testcase classname="backend.tests.test_iteration2_new_endpoints.TestDevices" name="test_customer_list_scoped" time="0.147" /><testcase classname="backend.tests.test_iteration2_new_endpoints.TestDevices" name="test_admin_list_all_and_filter_by_customer" time="0.098" /><testcase classname="backend.tests.test_iteration2_new_endpoints.TestDevices" name="test_technician_sees_assigned_customers_devices" time="0.093" /><testcase classname="backend.tests.test_iteration2_new_endpoints.TestDevices" name="test_technician_filter_unassigned_customer_403" time="0.322" /></testsuite></testsuites>