<?xml version="1.0" encoding="utf-8"?><testsuites name="pytest tests"><testsuite name="pytest" errors="0" failures="0" skipped="0" tests="15" time="13.547" timestamp="2026-04-24T17:56:10.875196+00:00" hostname="agent-env-5c4364bc-dff3-4044-a55f-6c9861a3125e"><testcase classname="backend.tests.test_otp_auth.TestLoginGating" name="test_admin_login_no_otp" time="0.567" /><testcase classname="backend.tests.test_otp_auth.TestLoginGating" name="test_technician_login_no_otp" time="0.346" /><testcase classname="backend.tests.test_otp_auth.TestLoginGating" name="test_customer_login_requires_otp" time="0.793" /><testcase classname="backend.tests.test_otp_auth.TestLoginGating" name="test_wrong_password_401" time="0.363" /><testcase classname="backend.tests.test_otp_auth.TestVerifyOtp" name="test_wrong_otp_increments_attempts" time="1.127" /><testcase classname="backend.tests.test_otp_auth.TestVerifyOtp" name="test_correct_otp_returns_token_and_deletes" time="1.110" /><testcase classname="backend.tests.test_otp_auth.TestVerifyOtp" name="test_verify_after_consumed_returns_error" time="0.119" /><testcase classname="backend.tests.test_otp_auth.TestVerifyOtp" name="test_expired_otp" time="0.866" /><testcase classname="backend.tests.test_otp_auth.TestVerifyOtp" name="test_lockout_after_5_wrong_attempts" time="2.620" /><testcase classname="backend.tests.test_otp_auth.TestResendOtp" name="test_resend_customer_generates_new" time="2.625" /><testcase classname="backend.tests.test_otp_auth.TestResendOtp" name="test_resend_admin_rejected" time="0.139" /><testcase classname="backend.tests.test_otp_auth.TestResendOtp" name="test_resend_tech_rejected" time="0.113" /><testcase classname="backend.tests.test_otp_auth.TestResendOtp" name="test_resend_unknown_email_silent_ok" time="0.114" /><testcase classname="backend.tests.test_otp_auth.TestRegression" name="test_register_still_direct_token" time="0.335" /><testcase classname="backend.tests.test_otp_auth.TestRegression" name="test_customer_dashboard_post_otp" time="1.755" /></testsuite></testsuites>