<?xml version="1.0" encoding="utf-8"?><testsuites name="pytest tests"><testsuite name="pytest" errors="0" failures="0" skipped="0" tests="37" time="5.159" timestamp="2026-04-24T10:44:34.176313+00:00" hostname="agent-env-5c4364bc-dff3-4044-a55f-6c9861a3125e"><testcase classname="backend.tests.backend_test.TestPublicCatalog" name="test_services_10" time="0.548" /><testcase classname="backend.tests.backend_test.TestPublicCatalog" name="test_plans_4" time="0.045" /><testcase classname="backend.tests.backend_test.TestPublicCatalog" name="test_reviews_5" time="0.044" /><testcase classname="backend.tests.backend_test.TestPublicCatalog" name="test_faqs" time="0.046" /><testcase classname="backend.tests.backend_test.TestAuth" name="test_admin_login" time="0.267" /><testcase classname="backend.tests.backend_test.TestAuth" name="test_tech_login" time="0.271" /><testcase classname="backend.tests.backend_test.TestAuth" name="test_sandy_login" time="0.267" /><testcase classname="backend.tests.backend_test.TestAuth" name="test_login_with_matching_role" time="0.268" /><testcase classname="backend.tests.backend_test.TestAuth" name="test_login_with_mismatched_role_403" time="0.264" /><testcase classname="backend.tests.backend_test.TestAuth" name="test_login_wrong_password_401" time="0.267" /><testcase classname="backend.tests.backend_test.TestAuth" name="test_auth_me" time="0.049" /><testcase classname="backend.tests.backend_test.TestSandyData" name="test_invoices_7_and_total" time="0.046" /><testcase classname="backend.tests.backend_test.TestSandyData" name="test_service_history_6" time="0.047" /><testcase classname="backend.tests.backend_test.TestSandyData" name="test_upcoming_appointment" time="0.047" /><testcase classname="backend.tests.backend_test.TestSandyData" name="test_own_profile_with_technician" time="0.048" /><testcase classname="backend.tests.backend_test.TestSandyData" name="test_dashboard_stats_customer" time="0.051" /><testcase classname="backend.tests.backend_test.TestPublicForms" name="test_contact_submission" time="0.056" /><testcase classname="backend.tests.backend_test.TestPublicForms" name="test_public_booking" time="0.054" /><testcase classname="backend.tests.backend_test.TestPublicForms" name="test_authed_booking_creates_appt" time="0.094" /><testcase classname="backend.tests.backend_test.TestTicketsMessages" name="test_ticket_create_and_tech_update" time="0.358" /><testcase classname="backend.tests.backend_test.TestTicketsMessages" name="test_message_customer_to_tech" time="0.372" /><testcase classname="backend.tests.backend_test.TestAdmin" name="test_analytics_overview" time="0.325" /><testcase classname="backend.tests.backend_test.TestAdmin" name="test_admin_list_customers" time="0.050" /><testcase classname="backend.tests.backend_test.TestAdmin" name="test_admin_list_technicians" time="0.046" /><testcase classname="backend.tests.backend_test.TestAdmin" name="test_admin_list_bookings" time="0.043" /><testcase classname="backend.tests.backend_test.TestAdmin" name="test_admin_list_contact" time="0.048" /><testcase classname="backend.tests.backend_test.TestAdmin" name="test_admin_create_invoice" time="0.096" /><testcase classname="backend.tests.backend_test.TestAdmin" name="test_admin_create_plan" time="0.090" /><testcase classname="backend.tests.backend_test.TestAdmin" name="test_admin_assign_technician" time="0.183" /><testcase classname="backend.tests.backend_test.TestTechnicianFlow" name="test_complete_appointment_creates_service_history" time="0.190" /><testcase classname="backend.tests.backend_test.TestRoleGuards" name="test_customer_cannot_list_customers" time="0.047" /><testcase classname="backend.tests.backend_test.TestRoleGuards" name="test_tech_cannot_list_customers" time="0.044" /><testcase classname="backend.tests.backend_test.TestRoleGuards" name="test_customer_cannot_view_other_customer" time="0.099" /><testcase classname="backend.tests.backend_test.TestRoleGuards" name="test_customer_cannot_create_plan" time="0.043" /><testcase classname="backend.tests.backend_test.TestRoleGuards" name="test_customer_cannot_access_analytics" time="0.045" /><testcase classname="backend.tests.backend_test.TestRoleGuards" name="test_unauthenticated_blocked" time="0.042" /><testcase classname="backend.tests.backend_test.TestRoleGuards" name="test_customer_invoice_scoped" time="0.046" /></testsuite></testsuites>